[07/06/2019 11:56:01] Gestore(id:2) logged
[07/06/2019 11:56:20] Tentato inserimento di un gesore/amministratore da parte di utente che non e' gestore
[07/06/2019 11:57:30] Gestore(id:2) logged
[07/06/2019 12:05:16] SELECT dati_anagrafici.id as id_dati_anagrafici_dipendente, dati_anagrafici.nome as nome_dipendente,  dati_anagrafici.cognome as cognome_dipendente,dati_anagrafici.telefono as telefono_dipendente, dati_anagrafici.data_nascita as data_nascita_dipendemte, utenti.id as id_utente_dipendente, utenti.email as email_dipendente, utenti.username as username_dipendente, utenti.idValutaDefault as valuta_default_dupendente, dipendenti.id as id_dipendente, dipendenti.ruolo as id_ruolo_dipendente, dipendenti_ruoli.ruolo as ruolo_dipendente, dipendenti.tipo_contratto as id_contratto_dipendente,  dipendenti_contratti.contratto as contratto_dipendente, dipendenti.data_assunzione as data_assunzione_dipendente, dipendenti.ore_settimanali as ore_settimanali_dipendente, dipendenti.paga_oraria as paga_oraria_dipendente, dipendenti.id_valuta as id_valuta_paga_dipendente, dipendenti.id_magazzino as id_magazzino_dipenente FROM dati_anagrafici,utenti,dipendenti,dipendenti_ruoli, dipendenti_contratti WHERE dati_anagrafici.id=utenti.id_datianagrafici AND utenti.id=dipendenti.id_utente AND dipendenti.ruolo=dipendenti_ruoli.id AND dipendenti.tipo_contratto=dipendenti_contratti.id AND dati_anagrafici.nome LIKE '%%' AND dati_anagrafici.cognome LIKE '%%' AND dipendenti_ruoli.ruolo LIKE '%' AND dipendenti.id_magazzino='2' AND utenti.username LIKE '%%' AND utenti.email LIKE '%%' AND dati_anagrafici.telefono LIKE '%%'
[07/06/2019 12:05:28] Administrator(id:1) logged
[07/06/2019 12:06:28] Administrator(id:1) logged
[07/06/2019 12:31:13] Administrator(id:1) logged
[07/06/2019 12:31:20] Administrator(id:1) logged
[07/06/2019 12:36:26] Administrator(id:1) logged
[07/06/2019 12:53:24] Administrator(id:1) logged
[07/06/2019 14:06:47] !Privilege Escalation Attempt! Non Logged User tried to access Admin Page!
[07/06/2019 14:06:54] Administrator(id:1) logged
[07/06/2019 14:09:04] Administrator(id:1) logged
[07/06/2019 14:09:17] Administrator(id:1) logged
[07/06/2019 14:19:04] Administrator(id:1) logged
[07/06/2019 14:21:29] Administrator(id:1) logged
[07/06/2019 14:23:11] Administrator(id:1) logged
[07/06/2019 14:24:22] Administrator(id:1) logged
[07/06/2019 14:26:57] Administrator(id:1) logged
[07/06/2019 14:34:46] Administrator(id:1) logged
[07/06/2019 15:02:29] Tentato accesso al Controller di prodotti da parte di utenti che non sono gestori ne amministratori
[07/06/2019 15:12:17] Administrator(id:1) logged
[07/06/2019 15:40:51] Tentato accesso al Controller di ordini da parte di utenti che non sono gestori ne amministratori
[07/06/2019 15:41:05] Tentato accesso al Controller di ordini da parte di utenti che non sono gestori ne amministratori
[07/06/2019 15:41:09] Gestore(id:2) logged
[07/06/2019 15:41:17] Gestore(id:2) logged
[07/06/2019 15:41:22] Administrator(id:1) logged
[07/06/2019 15:49:30] Administrator(id:1) logged
[07/06/2019 15:52:58] Administrator(id:1) logged
[07/06/2019 15:53:39] Administrator(id:1) logged
[07/06/2019 20:02:05] Administrator(id:1) logged
[07/06/2019 20:12:25] Gestore(id:2) logged
[07/06/2019 20:15:31] Gestore(id:2) logged
[07/06/2019 20:15:40] Administrator(id:1) logged
[07/06/2019 20:15:42] !Privilege Escalation Attempt! Loged User(id:1) tried to access Gestore Page!
[07/06/2019 20:15:43] Administrator(id:1) logged
[07/06/2019 20:15:46] Administrator(id:1) logged
[07/06/2019 20:16:04] Administrator(id:1) logged
[07/06/2019 20:16:07] Administrator(id:1) logged
[07/06/2019 20:16:09] Administrator(id:1) logged
[07/06/2019 20:16:27] Administrator(id:1) logged
[07/06/2019 20:21:06] Gestore(id:2) logged
[07/06/2019 20:21:08] !Privilege Escalation Attempt! Loged User(id:2) tried to access Admin Page!
[07/06/2019 20:21:09] Gestore(id:2) logged
[07/06/2019 20:21:16] Administrator(id:1) logged
[07/06/2019 20:22:20] Administrator(id:1) logged
[07/06/2019 20:22:32] Administrator(id:1) logged
[07/06/2019 20:35:17] Administrator(id:1) logged
[07/06/2019 20:37:31] Administrator(id:1) logged
[07/06/2019 20:37:50] Administrator(id:1) logged
[07/06/2019 20:38:19] Administrator(id:1) logged
[07/06/2019 20:39:00] Administrator(id:1) logged
[07/06/2019 20:39:42] Administrator(id:1) logged
[07/06/2019 20:39:56] Administrator(id:1) logged
[07/06/2019 20:40:09] Administrator(id:1) logged
[07/06/2019 20:43:12] Administrator(id:1) logged
[07/06/2019 20:43:15] Administrator(id:1) logged
[07/06/2019 20:43:22] Administrator(id:1) logged
[07/06/2019 20:43:33] Administrator(id:1) logged
[07/06/2019 20:43:50] Administrator(id:1) logged
[07/06/2019 20:43:54] Administrator(id:1) logged
[07/06/2019 20:44:09] Administrator(id:1) logged
[07/06/2019 20:46:45] Administrator(id:1) logged
[07/06/2019 20:47:00] Administrator(id:1) logged
[07/06/2019 20:47:04] Administrator(id:1) logged
[07/06/2019 20:47:09] Administrator(id:1) logged
[07/06/2019 20:48:38] Administrator(id:1) logged
[07/06/2019 20:49:28] Administrator(id:1) logged
[07/06/2019 20:49:30] Administrator(id:1) logged
[07/06/2019 20:50:46] Administrator(id:1) logged
[07/06/2019 20:51:04] Administrator(id:1) logged
[07/06/2019 20:51:32] Administrator(id:1) logged
[07/06/2019 20:51:36] Administrator(id:1) logged
[07/06/2019 20:53:22] Administrator(id:1) logged
[07/06/2019 20:53:26] Administrator(id:1) logged
[07/06/2019 20:53:28] !Privilege Escalation Attempt! Loged User(id:1) tried to access Gestore Page!
[07/06/2019 20:53:28] Administrator(id:1) logged
[07/06/2019 20:56:27] Administrator(id:1) logged
[07/06/2019 20:57:25] Administrator(id:1) logged
[07/06/2019 21:02:23] Administrator(id:1) logged
[07/06/2019 21:02:53] Administrator(id:1) logged
[07/06/2019 21:02:58] Administrator(id:1) logged
[07/06/2019 21:03:04] Administrator(id:1) logged
[07/06/2019 21:08:19] Administrator(id:1) logged
[07/06/2019 21:08:42] Administrator(id:1) logged
[07/06/2019 21:09:20] Administrator(id:1) logged
[07/06/2019 21:10:14] Administrator(id:1) logged
[07/06/2019 21:10:24] Administrator(id:1) logged
[07/06/2019 21:10:28] Administrator(id:1) logged
[07/06/2019 21:11:34] Administrator(id:1) logged
[07/06/2019 21:13:28] Administrator(id:1) logged
[07/06/2019 21:13:35] Administrator(id:1) logged
[07/06/2019 21:13:52] Administrator(id:1) logged
[07/06/2019 21:52:40] !Privilege Escalation Attempt! Non Logged User tried to access Admin Page!
[07/06/2019 21:52:50] Administrator(id:1) logged
[07/06/2019 21:57:48] Administrator(id:1) logged
[07/06/2019 22:32:16] Administrator(id:1) logged
[07/06/2019 22:35:27] Administrator(id:1) logged
[07/06/2019 22:35:39] Administrator(id:1) logged
[07/06/2019 22:36:21] Administrator(id:1) logged
[07/06/2019 22:36:26] Administrator(id:1) logged
[07/06/2019 22:55:45] Administrator(id:1) logged
[07/06/2019 22:55:50] Administrator(id:1) logged
[07/06/2019 22:56:08] Administrator(id:1) logged
[07/06/2019 22:59:54] Administrator(id:1) logged
[07/06/2019 23:00:00] Administrator(id:1) logged
[07/06/2019 23:00:07] Administrator(id:1) logged
[07/06/2019 23:00:18] Administrator(id:1) logged
[07/06/2019 23:01:17] Administrator(id:1) logged
[07/06/2019 23:02:03] Administrator(id:1) logged
[07/06/2019 23:02:04] Administrator(id:1) logged
[07/06/2019 23:05:17] Administrator(id:1) logged
[07/06/2019 23:05:23] Administrator(id:1) logged
[07/06/2019 23:09:33] Administrator(id:1) logged
[07/06/2019 23:09:42] Administrator(id:1) logged
[07/06/2019 23:10:07] Administrator(id:1) logged
[07/06/2019 23:11:23] Administrator(id:1) logged
[07/06/2019 23:13:15] Administrator(id:1) logged
[07/06/2019 23:13:30] Administrator(id:1) logged
[07/06/2019 23:13:34] Administrator(id:1) logged
[07/06/2019 23:14:05] Administrator(id:1) logged
[07/06/2019 23:17:00] Administrator(id:1) logged
[07/06/2019 23:22:30] Administrator(id:1) logged
[07/06/2019 23:22:52] Administrator(id:1) logged
[07/06/2019 23:23:29] Administrator(id:1) logged
[07/06/2019 23:23:34] Administrator(id:1) logged
[07/06/2019 23:23:44] Administrator(id:1) logged
[07/06/2019 23:24:03] Administrator(id:1) logged
[07/06/2019 23:25:31] Gestore(id:2) logged
[07/06/2019 23:26:00] Gestore(id:2) logged
[07/06/2019 23:26:09] Gestore(id:2) logged
[07/06/2019 23:26:17] Gestore(id:2) logged
[07/06/2019 23:26:36] Gestore(id:2) logged
[07/06/2019 23:27:05] Gestore(id:2) logged
[07/06/2019 23:30:16] Gestore(id:2) logged
