[23/05/2019 18:09:40] Administrator(id:1) logged
[23/05/2019 18:09:45] !Privilege Escalation Attempt! Loged User(id:1) tried to access Gestore Page!
[23/05/2019 18:09:45] !Privilege Escalation Attempt! Loged User(id:1) tried to access Gestore Page!
[23/05/2019 18:09:57] !Privilege Escalation Attempt! Loged User(id:4) tried to access Gestore Page!
[23/05/2019 18:09:58] !Privilege Escalation Attempt! Loged User(id:4) tried to access Gestore Page!
[23/05/2019 18:10:06] Gestore(id:2) logged
[23/05/2019 18:12:56] !Privilege Escalation Attempt! Loged User(id:2) tried to access Admin Page!
[23/05/2019 18:12:58] !Privilege Escalation Attempt! Loged User(id:2) tried to access Admin Page!
[23/05/2019 18:13:40] !Privilege Escalation Attempt! Loged User(id:2) tried to access Admin Page!
[23/05/2019 18:14:05] !Privilege Escalation Attempt! Loged User(id:2) tried to access Admin Page!
[23/05/2019 18:19:15] Gestore(id:2) logged
[23/05/2019 18:22:19] Gestore(id:2) logged
[23/05/2019 18:24:35] Gestore(id:2) logged
[23/05/2019 18:25:39] Gestore(id:2) logged
[23/05/2019 18:25:56] Gestore(id:2) logged
[23/05/2019 18:26:07] !Privilege Escalation Attempt! Loged User(id:2) tried to access Admin Page!
[23/05/2019 18:26:19] !Privilege Escalation Attempt! Loged User(id:2) tried to access Admin Page!
[23/05/2019 18:26:24] Gestore(id:2) logged
[23/05/2019 18:26:33] Gestore(id:2) logged
[23/05/2019 18:27:22] !Privilege Escalation Attempt! Loged User(id:2) tried to access Admin Page!
[23/05/2019 18:38:09] Gestore(id:2) logged
[23/05/2019 18:38:10] Gestore(id:2) logged
[23/05/2019 18:38:23] Gestore(id:2) logged
[23/05/2019 18:38:31] !Privilege Escalation Attempt! Loged User(id:2) tried to access Admin Page!
[23/05/2019 18:39:32] !Privilege Escalation Attempt! Loged User(id:2) tried to access Admin Page!
[23/05/2019 18:39:36] Gestore(id:2) logged
[23/05/2019 18:39:39] Gestore(id:2) logged
[23/05/2019 18:41:56] Gestore(id:2) logged
[23/05/2019 18:42:00] !Privilege Escalation Attempt! Loged User(id:2) tried to access Admin Page!
[23/05/2019 18:42:02] !Privilege Escalation Attempt! Loged User(id:2) tried to access Admin Page!
[23/05/2019 18:43:54] Gestore(id:2) logged
[23/05/2019 18:43:57] !Privilege Escalation Attempt! Loged User(id:2) tried to access Admin Page!
[23/05/2019 18:44:51] !Privilege Escalation Attempt! Non Logged User tried to access Admin Page!
[23/05/2019 18:45:56] Gestore(id:2) logged
[23/05/2019 18:45:58] !Privilege Escalation Attempt! Loged User(id:2) tried to access Admin Page!
[23/05/2019 18:45:58] !Privilege Escalation Attempt! Loged User(id:2) tried to access Admin Page!
[23/05/2019 18:46:35] Gestore(id:2) logged
[23/05/2019 18:46:38] !Privilege Escalation Attempt! Loged User(id:2) tried to access Admin Page!
[23/05/2019 18:46:39] !Privilege Escalation Attempt! Loged User(id:2) tried to access Admin Page!
[23/05/2019 18:46:44] !Privilege Escalation Attempt! Loged User(id:2) tried to access Admin Page!
[23/05/2019 18:46:47] Gestore(id:2) logged
[23/05/2019 18:46:50] !Privilege Escalation Attempt! Loged User(id:2) tried to access Admin Page!
[23/05/2019 18:46:50] !Privilege Escalation Attempt! Loged User(id:2) tried to access Admin Page!
[23/05/2019 18:46:55] !Privilege Escalation Attempt! Loged User(id:2) tried to access Admin Page!
[23/05/2019 18:47:25] !Privilege Escalation Attempt! Loged User(id:2) tried to access Admin Page!
[23/05/2019 18:47:34] Gestore(id:2) logged
[23/05/2019 18:47:37] !Privilege Escalation Attempt! Loged User(id:2) tried to access Admin Page!
[23/05/2019 18:48:07] !Privilege Escalation Attempt! Loged User(id:2) tried to access Admin Page!
[23/05/2019 18:48:07] !Privilege Escalation Attempt! Loged User(id:2) tried to access Admin Page!
[23/05/2019 18:48:08] !Privilege Escalation Attempt! Loged User(id:2) tried to access Admin Page!
[23/05/2019 18:48:09] !Privilege Escalation Attempt! Loged User(id:2) tried to access Admin Page!
[23/05/2019 18:48:11] Gestore(id:2) logged
[23/05/2019 18:48:14] !Privilege Escalation Attempt! Loged User(id:2) tried to access Admin Page!
[23/05/2019 18:48:21] Gestore(id:2) logged
[23/05/2019 18:48:24] !Privilege Escalation Attempt! Loged User(id:2) tried to access Admin Page!
[23/05/2019 18:48:24] !Privilege Escalation Attempt! Loged User(id:2) tried to access Admin Page!
[23/05/2019 18:49:06] Gestore(id:2) logged
[23/05/2019 18:49:09] !Privilege Escalation Attempt! Loged User(id:2) tried to access Admin Page!
[23/05/2019 18:49:09] !Privilege Escalation Attempt! Loged User(id:2) tried to access Admin Page!
[23/05/2019 18:50:49] !Privilege Escalation Attempt! Loged User(id:2) tried to access Admin Page!
[23/05/2019 18:50:49] Gestore(id:2) logged
[23/05/2019 18:50:51] !Privilege Escalation Attempt! Loged User(id:2) tried to access Admin Page!
[23/05/2019 18:50:52] !Privilege Escalation Attempt! Loged User(id:2) tried to access Admin Page!
